sed started
1
2
3
4
5
6
7
8
9
10
11
12
13
14
15
16
17
18
19
20
21
22
23
24
25
26
27
28
29
30
31
32
33
34
35
36
37
38
39
40
41
42
43
44
45
46
47
48
49
50
FFT started
1
sys:1: RankWarning: Polyfit may be poorly conditioned
sys:1: RankWarning: Polyfit may be poorly conditioned
2
sys:1: RankWarning: Polyfit may be poorly conditioned
sys:1: RankWarning: Polyfit may be poorly conditioned
3
sys:1: RankWarning: Polyfit may be poorly conditioned
sys:1: RankWarning: Polyfit may be poorly conditioned
4
sys:1: RankWarning: Polyfit may be poorly conditioned
sys:1: RankWarning: Polyfit may be poorly conditioned
5
sys:1: RankWarning: Polyfit may be poorly conditioned
sys:1: RankWarning: Polyfit may be poorly conditioned
6
sys:1: RankWarning: Polyfit may be poorly conditioned
sys:1: RankWarning: Polyfit may be poorly conditioned
7
sys:1: RankWarning: Polyfit may be poorly conditioned
sys:1: RankWarning: Polyfit may be poorly conditioned
8
sys:1: RankWarning: Polyfit may be poorly conditioned
sys:1: RankWarning: Polyfit may be poorly conditioned
9
sys:1: RankWarning: Polyfit may be poorly conditioned
sys:1: RankWarning: Polyfit may be poorly conditioned
10
sys:1: RankWarning: Polyfit may be poorly conditioned
sys:1: RankWarning: Polyfit may be poorly conditioned
11
sys:1: RankWarning: Polyfit may be poorly conditioned
sys:1: RankWarning: Polyfit may be poorly conditioned
12
sys:1: RankWarning: Polyfit may be poorly conditioned
sys:1: RankWarning: Polyfit may be poorly conditioned
13
sys:1: RankWarning: Polyfit may be poorly conditioned
sys:1: RankWarning: Polyfit may be poorly conditioned
14
sys:1: RankWarning: Polyfit may be poorly conditioned
sys:1: RankWarning: Polyfit may be poorly conditioned
15
sys:1: RankWarning: Polyfit may be poorly conditioned
sys:1: RankWarning: Polyfit may be poorly conditioned
16
sys:1: RankWarning: Polyfit may be poorly conditioned
sys:1: RankWarning: Polyfit may be poorly conditioned
17
sys:1: RankWarning: Polyfit may be poorly conditioned
sys:1: RankWarning: Polyfit may be poorly conditioned
18
sys:1: RankWarning: Polyfit may be poorly conditioned
sys:1: RankWarning: Polyfit may be poorly conditioned
19
sys:1: RankWarning: Polyfit may be poorly conditioned
sys:1: RankWarning: Polyfit may be poorly conditioned
20
sys:1: RankWarning: Polyfit may be poorly conditioned
sys:1: RankWarning: Polyfit may be poorly conditioned
21
sys:1: RankWarning: Polyfit may be poorly conditioned
sys:1: RankWarning: Polyfit may be poorly conditioned
22
sys:1: RankWarning: Polyfit may be poorly conditioned
sys:1: RankWarning: Polyfit may be poorly conditioned
23
sys:1: RankWarning: Polyfit may be poorly conditioned
sys:1: RankWarning: Polyfit may be poorly conditioned
24
sys:1: RankWarning: Polyfit may be poorly conditioned
sys:1: RankWarning: Polyfit may be poorly conditioned
25
sys:1: RankWarning: Polyfit may be poorly conditioned
sys:1: RankWarning: Polyfit may be poorly conditioned
26
sys:1: RankWarning: Polyfit may be poorly conditioned
sys:1: RankWarning: Polyfit may be poorly conditioned
27
sys:1: RankWarning: Polyfit may be poorly conditioned
sys:1: RankWarning: Polyfit may be poorly conditioned
28
sys:1: RankWarning: Polyfit may be poorly conditioned
sys:1: RankWarning: Polyfit may be poorly conditioned
29
sys:1: RankWarning: Polyfit may be poorly conditioned
sys:1: RankWarning: Polyfit may be poorly conditioned
30
sys:1: RankWarning: Polyfit may be poorly conditioned
sys:1: RankWarning: Polyfit may be poorly conditioned
31
sys:1: RankWarning: Polyfit may be poorly conditioned
sys:1: RankWarning: Polyfit may be poorly conditioned
32
sys:1: RankWarning: Polyfit may be poorly conditioned
sys:1: RankWarning: Polyfit may be poorly conditioned
33
sys:1: RankWarning: Polyfit may be poorly conditioned
sys:1: RankWarning: Polyfit may be poorly conditioned
34
sys:1: RankWarning: Polyfit may be poorly conditioned
sys:1: RankWarning: Polyfit may be poorly conditioned
35
sys:1: RankWarning: Polyfit may be poorly conditioned
sys:1: RankWarning: Polyfit may be poorly conditioned
36
sys:1: RankWarning: Polyfit may be poorly conditioned
sys:1: RankWarning: Polyfit may be poorly conditioned
37
sys:1: RankWarning: Polyfit may be poorly conditioned
sys:1: RankWarning: Polyfit may be poorly conditioned
38
sys:1: RankWarning: Polyfit may be poorly conditioned
sys:1: RankWarning: Polyfit may be poorly conditioned
39
sys:1: RankWarning: Polyfit may be poorly conditioned
sys:1: RankWarning: Polyfit may be poorly conditioned
40
sys:1: RankWarning: Polyfit may be poorly conditioned
sys:1: RankWarning: Polyfit may be poorly conditioned
41
sys:1: RankWarning: Polyfit may be poorly conditioned
sys:1: RankWarning: Polyfit may be poorly conditioned
42
sys:1: RankWarning: Polyfit may be poorly conditioned
sys:1: RankWarning: Polyfit may be poorly conditioned
43
sys:1: RankWarning: Polyfit may be poorly conditioned
sys:1: RankWarning: Polyfit may be poorly conditioned
44
sys:1: RankWarning: Polyfit may be poorly conditioned
sys:1: RankWarning: Polyfit may be poorly conditioned
XIO:  fatal IO error 11 (Resource temporarily unavailable) on X server "localhost:11.0"
      after 1386 requests (1386 known processed) with 0 events remaining.
45
sys:1: RankWarning: Polyfit may be poorly conditioned
sys:1: RankWarning: Polyfit may be poorly conditioned
46
sys:1: RankWarning: Polyfit may be poorly conditioned
sys:1: RankWarning: Polyfit may be poorly conditioned
47
sys:1: RankWarning: Polyfit may be poorly conditioned
sys:1: RankWarning: Polyfit may be poorly conditioned
48
sys:1: RankWarning: Polyfit may be poorly conditioned
sys:1: RankWarning: Polyfit may be poorly conditioned
49
sys:1: RankWarning: Polyfit may be poorly conditioned
sys:1: RankWarning: Polyfit may be poorly conditioned
50
sys:1: RankWarning: Polyfit may be poorly conditioned
sys:1: RankWarning: Polyfit may be poorly conditioned
creating .gitignore
1
2
3
4
5
6
7
8
9
10
11
12
13
14
15
16
17
18
19
20
21
22
23
24
25
26
27
28
29
30
31
32
33
34
35
36
37
38
39
40
41
42
43
44
45
46
47
48
49
50
